# JRE version: OpenJDK Runtime Environment (17.0.6) (build 17.0.6+0-b2043.56-10027231)
# Java VM: OpenJDK 64-Bit Server VM (17.0.6+0-b2043.56-10027231, mixed mode, tiered, compressed oops, compressed class ptrs, g1 gc, windows-amd64)
GC Precious Log:
 CPUs: 4 total, 4 available
 Memory: 7975M
 Large Page Support: Disabled
 NUMA Support: Disabled
 Compressed Oops: Enabled (Zero based)
 Heap Region Size: 2M
 Heap Min Capacity: 8M
 Heap Initial Capacity: 126M
 Heap Max Capacity: 4G
 Pre-touch: Disabled
 Parallel Workers: 4
 Concurrent Workers: 1
 Concurrent Refinement Workers: 4
 Periodic GC: Disabled
Heap:
 garbage-first heap   total 481280K, used 277095K [0x0000000700000000, 0x0000000800000000)
  region size 2048K, 48 young (98304K), 13 survivors (26624K)
 Metaspace       used 118904K, committed 119936K, reserved 1155072K
  class space    used 15940K, committed 16448K, reserved 1048576K
GC Heap History (20 events):
Event: 38.444 GC heap before
{Heap before GC invocations=44 (full 0):
 garbage-first heap   total 208896K, used 153007K [0x0000000700000000, 0x0000000800000000)
  region size 2048K, 5 young (10240K), 3 survivors (6144K)
 Metaspace       used 94312K, committed 95104K, reserved 1138688K
  class space    used 12888K, committed 13248K, reserved 1048576K
}
Event: 38.451 GC heap after
{Heap after GC invocations=45 (full 0):
 garbage-first heap   total 208896K, used 148855K [0x0000000700000000, 0x0000000800000000)
  region size 2048K, 1 young (2048K), 1 survivors (2048K)
 Metaspace       used 94312K, committed 95104K, reserved 1138688K
  class space    used 12888K, committed 13248K, reserved 1048576K
}
Event: 39.706 GC heap before
{Heap before GC invocations=45 (full 0):
 garbage-first heap   total 208896K, used 171383K [0x0000000700000000, 0x0000000800000000)
  region size 2048K, 12 young (24576K), 1 survivors (2048K)
 Metaspace       used 96721K, committed 97536K, reserved 1138688K
  class space    used 13246K, committed 13632K, reserved 1048576K
}
Event: 39.713 GC heap after
{Heap after GC invocations=46 (full 0):
 garbage-first heap   total 356352K, used 150332K [0x0000000700000000, 0x0000000800000000)
  region size 2048K, 2 young (4096K), 2 survivors (4096K)
 Metaspace       used 96721K, committed 97536K, reserved 1138688K
  class space    used 13246K, committed 13632K, reserved 1048576K
}
Event: 41.953 GC heap before
{Heap before GC invocations=47 (full 0):
 garbage-first heap   total 356352K, used 283452K [0x0000000700000000, 0x0000000800000000)
  region size 2048K, 65 young (133120K), 2 survivors (4096K)
 Metaspace       used 98101K, committed 98880K, reserved 1138688K
  class space    used 13425K, committed 13824K, reserved 1048576K
}
Event: 41.998 GC heap after
{Heap after GC invocations=48 (full 0):
 garbage-first heap   total 356352K, used 173055K [0x0000000700000000, 0x0000000800000000)
  region size 2048K, 9 young (18432K), 9 survivors (18432K)
 Metaspace       used 98101K, committed 98880K, reserved 1138688K
  class space    used 13425K, committed 13824K, reserved 1048576K
}
Event: 42.196 GC heap before
{Heap before GC invocations=48 (full 0):
 garbage-first heap   total 356352K, used 175103K [0x0000000700000000, 0x0000000800000000)
  region size 2048K, 10 young (20480K), 9 survivors (18432K)
 Metaspace       used 98101K, committed 98880K, reserved 1138688K
  class space    used 13425K, committed 13824K, reserved 1048576K
}
Event: 42.220 GC heap after
{Heap after GC invocations=49 (full 0):
 garbage-first heap   total 356352K, used 175098K [0x0000000700000000, 0x0000000800000000)
  region size 2048K, 2 young (4096K), 2 survivors (4096K)
 Metaspace       used 98101K, committed 98880K, reserved 1138688K
  class space    used 13425K, committed 13824K, reserved 1048576K
}
Event: 43.012 GC heap before
{Heap before GC invocations=49 (full 0):
 garbage-first heap   total 356352K, used 254970K [0x0000000700000000, 0x0000000800000000)
  region size 2048K, 41 young (83968K), 2 survivors (4096K)
 Metaspace       used 98101K, committed 98880K, reserved 1138688K
  class space    used 13425K, committed 13824K, reserved 1048576K
}
Event: 43.025 GC heap after
{Heap after GC invocations=50 (full 0):
 garbage-first heap   total 356352K, used 176360K [0x0000000700000000, 0x0000000800000000)
  region size 2048K, 3 young (6144K), 3 survivors (6144K)
 Metaspace       used 98101K, committed 98880K, reserved 1138688K
  class space    used 13425K, committed 13824K, reserved 1048576K
}
Event: 44.703 GC heap before
{Heap before GC invocations=50 (full 0):
 garbage-first heap   total 356352K, used 264424K [0x0000000700000000, 0x0000000800000000)
  region size 2048K, 46 young (94208K), 3 survivors (6144K)
 Metaspace       used 98102K, committed 98880K, reserved 1138688K
  class space    used 13425K, committed 13824K, reserved 1048576K
}
Event: 44.711 GC heap after
{Heap after GC invocations=51 (full 0):
 garbage-first heap   total 356352K, used 178890K [0x0000000700000000, 0x0000000800000000)
  region size 2048K, 4 young (8192K), 4 survivors (8192K)
 Metaspace       used 98102K, committed 98880K, reserved 1138688K
  class space    used 13425K, committed 13824K, reserved 1048576K
}
Event: 45.771 GC heap before
{Heap before GC invocations=51 (full 0):
 garbage-first heap   total 356352K, used 275146K [0x0000000700000000, 0x0000000800000000)
  region size 2048K, 51 young (104448K), 4 survivors (8192K)
 Metaspace       used 98102K, committed 98880K, reserved 1138688K
  class space    used 13425K, committed 13824K, reserved 1048576K
}
Event: 45.780 GC heap after
{Heap after GC invocations=52 (full 0):
 garbage-first heap   total 356352K, used 181388K [0x0000000700000000, 0x0000000800000000)
  region size 2048K, 5 young (10240K), 5 survivors (10240K)
 Metaspace       used 98102K, committed 98880K, reserved 1138688K
  class space    used 13425K, committed 13824K, reserved 1048576K
}
Event: 46.552 GC heap before
{Heap before GC invocations=52 (full 0):
 garbage-first heap   total 356352K, used 281740K [0x0000000700000000, 0x0000000800000000)
  region size 2048K, 54 young (110592K), 5 survivors (10240K)
 Metaspace       used 98102K, committed 98880K, reserved 1138688K
  class space    used 13425K, committed 13824K, reserved 1048576K
}
Event: 46.564 GC heap after
{Heap after GC invocations=53 (full 0):
 garbage-first heap   total 356352K, used 184550K [0x0000000700000000, 0x0000000800000000)
  region size 2048K, 5 young (10240K), 5 survivors (10240K)
 Metaspace       used 98102K, committed 98880K, reserved 1138688K
  class space    used 13425K, committed 13824K, reserved 1048576K
}
Event: 48.196 GC heap before
{Heap before GC invocations=53 (full 0):
 garbage-first heap   total 356352K, used 301286K [0x0000000700000000, 0x0000000800000000)
  region size 2048K, 55 young (112640K), 5 survivors (10240K)
 Metaspace       used 100038K, committed 100800K, reserved 1138688K
  class space    used 13581K, committed 13952K, reserved 1048576K
}
Event: 48.222 GC heap after
{Heap after GC invocations=54 (full 0):
 garbage-first heap   total 481280K, used 193144K [0x0000000700000000, 0x0000000800000000)
  region size 2048K, 7 young (14336K), 7 survivors (14336K)
 Metaspace       used 100038K, committed 100800K, reserved 1138688K
  class space    used 13581K, committed 13952K, reserved 1048576K
}
Event: 57.502 GC heap before
{Heap before GC invocations=54 (full 0):
 garbage-first heap   total 481280K, used 387704K [0x0000000700000000, 0x0000000800000000)
  region size 2048K, 102 young (208896K), 7 survivors (14336K)
 Metaspace       used 112908K, committed 113792K, reserved 1155072K
  class space    used 15140K, committed 15552K, reserved 1048576K
}
Event: 57.541 GC heap after
{Heap after GC invocations=55 (full 0):
 garbage-first heap   total 481280K, used 207463K [0x0000000700000000, 0x0000000800000000)
  region size 2048K, 13 young (26624K), 13 survivors (26624K)
 Metaspace       used 112908K, committed 113792K, reserved 1155072K
  class space    used 15140K, committed 15552K, reserved 1048576K
}

