# JRE version: Java(TM) SE Runtime Environment 18.9 (11.0.20+9) (build 11.0.20+9-LTS-256)
# Java VM: Java HotSpot(TM) 64-Bit Server VM 18.9 (11.0.20+9-LTS-256, mixed mode, tiered, compressed oops, g1 gc, windows-amd64)
Heap:
 garbage-first heap   total 155648K, used 56031K [0x0000000080000000, 0x0000000100000000)
  region size 1024K, 33 young (33792K), 7 survivors (7168K)
 Metaspace       used 49663K, capacity 50859K, committed 51024K, reserved 1093632K
  class space    used 6827K, capacity 7282K, committed 7372K, reserved 1048576K
GC Heap History (10 events):
Event: 4.337 GC heap before
{Heap before GC invocations=6 (full 0):
 garbage-first heap   total 129024K, used 62665K [0x0000000080000000, 0x0000000100000000)
  region size 1024K, 46 young (47104K), 3 survivors (3072K)
 Metaspace       used 24644K, capacity 25321K, committed 25596K, reserved 1071104K
  class space    used 3128K, capacity 3352K, committed 3404K, reserved 1048576K
}
Event: 4.345 GC heap after
{Heap after GC invocations=7 (full 0):
 garbage-first heap   total 129024K, used 20413K [0x0000000080000000, 0x0000000100000000)
  region size 1024K, 5 young (5120K), 5 survivors (5120K)
 Metaspace       used 24644K, capacity 25321K, committed 25596K, reserved 1071104K
  class space    used 3128K, capacity 3352K, committed 3404K, reserved 1048576K
}
Event: 6.060 GC heap before
{Heap before GC invocations=7 (full 0):
 garbage-first heap   total 129024K, used 69565K [0x0000000080000000, 0x0000000100000000)
  region size 1024K, 53 young (54272K), 5 survivors (5120K)
 Metaspace       used 29301K, capacity 30062K, committed 30332K, reserved 1075200K
  class space    used 3866K, capacity 4176K, committed 4300K, reserved 1048576K
}
Event: 6.067 GC heap after
{Heap after GC invocations=8 (full 0):
 garbage-first heap   total 155648K, used 21947K [0x0000000080000000, 0x0000000100000000)
  region size 1024K, 4 young (4096K), 4 survivors (4096K)
 Metaspace       used 29301K, capacity 30062K, committed 30332K, reserved 1075200K
  class space    used 3866K, capacity 4176K, committed 4300K, reserved 1048576K
}
Event: 6.991 GC heap before
{Heap before GC invocations=8 (full 0):
 garbage-first heap   total 155648K, used 57787K [0x0000000080000000, 0x0000000100000000)
  region size 1024K, 40 young (40960K), 4 survivors (4096K)
 Metaspace       used 35129K, capacity 35922K, committed 36048K, reserved 1081344K
  class space    used 4560K, capacity 4879K, committed 4940K, reserved 1048576K
}
Event: 6.998 GC heap after
{Heap after GC invocations=9 (full 0):
 garbage-first heap   total 155648K, used 24233K [0x0000000080000000, 0x0000000100000000)
  region size 1024K, 6 young (6144K), 6 survivors (6144K)
 Metaspace       used 35129K, capacity 35922K, committed 36048K, reserved 1081344K
  class space    used 4560K, capacity 4879K, committed 4940K, reserved 1048576K
}
Event: 8.654 GC heap before
{Heap before GC invocations=10 (full 0):
 garbage-first heap   total 155648K, used 89769K [0x0000000080000000, 0x0000000100000000)
  region size 1024K, 70 young (71680K), 6 survivors (6144K)
 Metaspace       used 40707K, capacity 41898K, committed 41936K, reserved 1085440K
  class space    used 5241K, capacity 5701K, committed 5708K, reserved 1048576K
}
Event: 8.665 GC heap after
{Heap after GC invocations=11 (full 0):
 garbage-first heap   total 155648K, used 28609K [0x0000000080000000, 0x0000000100000000)
  region size 1024K, 9 young (9216K), 9 survivors (9216K)
 Metaspace       used 40707K, capacity 41898K, committed 41936K, reserved 1085440K
  class space    used 5241K, capacity 5701K, committed 5708K, reserved 1048576K
}
Event: 10.384 GC heap before
{Heap before GC invocations=11 (full 0):
 garbage-first heap   total 155648K, used 98241K [0x0000000080000000, 0x0000000100000000)
  region size 1024K, 77 young (78848K), 9 survivors (9216K)
 Metaspace       used 47420K, capacity 48594K, committed 48720K, reserved 1091584K
  class space    used 6545K, capacity 7016K, committed 7116K, reserved 1048576K
}
Event: 10.397 GC heap after
{Heap after GC invocations=12 (full 0):
 garbage-first heap   total 155648K, used 30431K [0x0000000080000000, 0x0000000100000000)
  region size 1024K, 7 young (7168K), 7 survivors (7168K)
 Metaspace       used 47420K, capacity 48594K, committed 48720K, reserved 1091584K
  class space    used 6545K, capacity 7016K, committed 7116K, reserved 1048576K
}

