# JRE version: OpenJDK Runtime Environment (17.0.6) (build 17.0.6+0-b2043.56-10027231)
# Java VM: OpenJDK 64-Bit Server VM (17.0.6+0-b2043.56-10027231, mixed mode, tiered, compressed oops, compressed class ptrs, g1 gc, windows-amd64)
GC Precious Log:
 CPUs: 4 total, 4 available
 Memory: 7975M
 Large Page Support: Disabled
 NUMA Support: Disabled
 Compressed Oops: Enabled (Zero based)
 Heap Region Size: 2M
 Heap Min Capacity: 8M
 Heap Initial Capacity: 126M
 Heap Max Capacity: 4G
 Pre-touch: Disabled
 Parallel Workers: 4
 Concurrent Workers: 1
 Concurrent Refinement Workers: 4
 Periodic GC: Disabled
Heap:
 garbage-first heap   total 935936K, used 541344K [0x0000000700000000, 0x0000000800000000)
  region size 2048K, 101 young (206848K), 4 survivors (8192K)
 Metaspace       used 198026K, committed 199552K, reserved 1228800K
  class space    used 25708K, committed 26496K, reserved 1048576K
GC Heap History (20 events):
Event: 3091.694 GC heap before
{Heap before GC invocations=50 (full 0):
 garbage-first heap   total 610304K, used 488233K [0x0000000700000000, 0x0000000800000000)
  region size 2048K, 105 young (215040K), 1 survivors (2048K)
 Metaspace       used 171356K, committed 172736K, reserved 1204224K
  class space    used 22215K, committed 22912K, reserved 1048576K
}
Event: 3091.774 GC heap after
{Heap after GC invocations=51 (full 0):
 garbage-first heap   total 1712128K, used 277143K [0x0000000700000000, 0x0000000800000000)
  region size 2048K, 1 young (2048K), 1 survivors (2048K)
 Metaspace       used 171356K, committed 172736K, reserved 1204224K
  class space    used 22215K, committed 22912K, reserved 1048576K
}
Event: 3213.425 GC heap before
{Heap before GC invocations=52 (full 0):
 garbage-first heap   total 935936K, used 440983K [0x0000000700000000, 0x0000000800000000)
  region size 2048K, 81 young (165888K), 1 survivors (2048K)
 Metaspace       used 173792K, committed 175232K, reserved 1204224K
  class space    used 22552K, committed 23296K, reserved 1048576K
}
Event: 3213.473 GC heap after
{Heap after GC invocations=53 (full 0):
 garbage-first heap   total 935936K, used 295703K [0x0000000700000000, 0x0000000800000000)
  region size 2048K, 10 young (20480K), 10 survivors (20480K)
 Metaspace       used 173792K, committed 175232K, reserved 1204224K
  class space    used 22552K, committed 23296K, reserved 1048576K
}
Event: 3214.158 GC heap before
{Heap before GC invocations=53 (full 0):
 garbage-first heap   total 935936K, used 324375K [0x0000000700000000, 0x0000000800000000)
  region size 2048K, 22 young (45056K), 10 survivors (20480K)
 Metaspace       used 175605K, committed 177024K, reserved 1204224K
  class space    used 22813K, committed 23552K, reserved 1048576K
}
Event: 3214.280 GC heap after
{Heap after GC invocations=54 (full 0):
 garbage-first heap   total 935936K, used 301234K [0x0000000700000000, 0x0000000800000000)
  region size 2048K, 3 young (6144K), 3 survivors (6144K)
 Metaspace       used 175605K, committed 177024K, reserved 1204224K
  class space    used 22813K, committed 23552K, reserved 1048576K
}
Event: 3217.098 GC heap before
{Heap before GC invocations=54 (full 0):
 garbage-first heap   total 935936K, used 344242K [0x0000000700000000, 0x0000000800000000)
  region size 2048K, 25 young (51200K), 3 survivors (6144K)
 Metaspace       used 176966K, committed 178368K, reserved 1204224K
  class space    used 22957K, committed 23680K, reserved 1048576K
}
Event: 3217.128 GC heap after
{Heap after GC invocations=55 (full 0):
 garbage-first heap   total 935936K, used 323329K [0x0000000700000000, 0x0000000800000000)
  region size 2048K, 12 young (24576K), 12 survivors (24576K)
 Metaspace       used 176966K, committed 178368K, reserved 1204224K
  class space    used 22957K, committed 23680K, reserved 1048576K
}
Event: 3222.103 GC heap before
{Heap before GC invocations=56 (full 0):
 garbage-first heap   total 935936K, used 366337K [0x0000000700000000, 0x0000000800000000)
  region size 2048K, 26 young (53248K), 12 survivors (24576K)
 Metaspace       used 179249K, committed 180672K, reserved 1212416K
  class space    used 23202K, committed 23936K, reserved 1048576K
}
Event: 3222.151 GC heap after
{Heap after GC invocations=57 (full 0):
 garbage-first heap   total 935936K, used 317246K [0x0000000700000000, 0x0000000800000000)
  region size 2048K, 2 young (4096K), 2 survivors (4096K)
 Metaspace       used 179249K, committed 180672K, reserved 1212416K
  class space    used 23202K, committed 23936K, reserved 1048576K
}
Event: 3222.882 GC heap before
{Heap before GC invocations=57 (full 0):
 garbage-first heap   total 935936K, used 356158K [0x0000000700000000, 0x0000000800000000)
  region size 2048K, 22 young (45056K), 2 survivors (4096K)
 Metaspace       used 180926K, committed 182336K, reserved 1212416K
  class space    used 23415K, committed 24128K, reserved 1048576K
}
Event: 3222.892 GC heap after
{Heap after GC invocations=58 (full 0):
 garbage-first heap   total 935936K, used 312773K [0x0000000700000000, 0x0000000800000000)
  region size 2048K, 3 young (6144K), 3 survivors (6144K)
 Metaspace       used 180926K, committed 182336K, reserved 1212416K
  class space    used 23415K, committed 24128K, reserved 1048576K
}
Event: 3225.821 GC heap before
{Heap before GC invocations=58 (full 0):
 garbage-first heap   total 935936K, used 443845K [0x0000000700000000, 0x0000000800000000)
  region size 2048K, 68 young (139264K), 3 survivors (6144K)
 Metaspace       used 192786K, committed 194240K, reserved 1220608K
  class space    used 25158K, committed 25920K, reserved 1048576K
}
Event: 3225.836 GC heap after
{Heap after GC invocations=59 (full 0):
 garbage-first heap   total 935936K, used 319845K [0x0000000700000000, 0x0000000800000000)
  region size 2048K, 7 young (14336K), 7 survivors (14336K)
 Metaspace       used 192786K, committed 194240K, reserved 1220608K
  class space    used 25158K, committed 25920K, reserved 1048576K
}
Event: 3228.641 GC heap before
{Heap before GC invocations=60 (full 0):
 garbage-first heap   total 935936K, used 465253K [0x0000000700000000, 0x0000000800000000)
  region size 2048K, 80 young (163840K), 7 survivors (14336K)
 Metaspace       used 196823K, committed 198336K, reserved 1228800K
  class space    used 25555K, committed 26368K, reserved 1048576K
}
Event: 3228.664 GC heap after
{Heap after GC invocations=61 (full 0):
 garbage-first heap   total 935936K, used 320990K [0x0000000700000000, 0x0000000800000000)
  region size 2048K, 6 young (12288K), 6 survivors (12288K)
 Metaspace       used 196823K, committed 198336K, reserved 1228800K
  class space    used 25555K, committed 26368K, reserved 1048576K
}
Event: 3229.242 GC heap before
{Heap before GC invocations=61 (full 0):
 garbage-first heap   total 935936K, used 368094K [0x0000000700000000, 0x0000000800000000)
  region size 2048K, 22 young (45056K), 6 survivors (12288K)
 Metaspace       used 197224K, committed 198656K, reserved 1228800K
  class space    used 25620K, committed 26368K, reserved 1048576K
}
Event: 3229.273 GC heap after
{Heap after GC invocations=62 (full 0):
 garbage-first heap   total 935936K, used 329712K [0x0000000700000000, 0x0000000800000000)
  region size 2048K, 3 young (6144K), 3 survivors (6144K)
 Metaspace       used 197224K, committed 198656K, reserved 1228800K
  class space    used 25620K, committed 26368K, reserved 1048576K
}
Event: 3229.273 GC heap before
{Heap before GC invocations=62 (full 0):
 garbage-first heap   total 935936K, used 329712K [0x0000000700000000, 0x0000000800000000)
  region size 2048K, 4 young (8192K), 3 survivors (6144K)
 Metaspace       used 197224K, committed 198656K, reserved 1228800K
  class space    used 25620K, committed 26368K, reserved 1048576K
}
Event: 3229.278 GC heap after
{Heap after GC invocations=63 (full 0):
 garbage-first heap   total 935936K, used 330400K [0x0000000700000000, 0x0000000800000000)
  region size 2048K, 4 young (8192K), 4 survivors (8192K)
 Metaspace       used 197224K, committed 198656K, reserved 1228800K
  class space    used 25620K, committed 26368K, reserved 1048576K
}

