# JRE version: OpenJDK Runtime Environment (17.0.6) (build 17.0.6+0-b2043.56-10027231)
# Java VM: OpenJDK 64-Bit Server VM (17.0.6+0-b2043.56-10027231, mixed mode, tiered, compressed oops, compressed class ptrs, g1 gc, windows-amd64)
GC Precious Log:
 CPUs: 4 total, 4 available
 Memory: 7975M
 Large Page Support: Disabled
 NUMA Support: Disabled
 Compressed Oops: Enabled (Zero based)
 Heap Region Size: 2M
 Heap Min Capacity: 8M
 Heap Initial Capacity: 126M
 Heap Max Capacity: 4G
 Pre-touch: Disabled
 Parallel Workers: 4
 Concurrent Workers: 1
 Concurrent Refinement Workers: 4
 Periodic GC: Disabled
Heap:
 garbage-first heap   total 632832K, used 333120K [0x0000000700000000, 0x0000000800000000)
  region size 2048K, 37 young (75776K), 2 survivors (4096K)
 Metaspace       used 195345K, committed 197184K, reserved 1220608K
  class space    used 25425K, committed 26304K, reserved 1048576K
GC Heap History (20 events):
Event: 5126.259 GC heap before
{Heap before GC invocations=83 (full 1):
 garbage-first heap   total 342016K, used 232753K [0x0000000700000000, 0x0000000800000000)
  region size 2048K, 36 young (73728K), 4 survivors (8192K)
 Metaspace       used 143531K, committed 145280K, reserved 1179648K
  class space    used 19613K, committed 20416K, reserved 1048576K
}
Event: 5126.293 GC heap after
{Heap after GC invocations=84 (full 1):
 garbage-first heap   total 342016K, used 173881K [0x0000000700000000, 0x0000000800000000)
  region size 2048K, 3 young (6144K), 3 survivors (6144K)
 Metaspace       used 143531K, committed 145280K, reserved 1179648K
  class space    used 19613K, committed 20416K, reserved 1048576K
}
Event: 5131.661 GC heap before
{Heap before GC invocations=84 (full 1):
 garbage-first heap   total 342016K, used 259897K [0x0000000700000000, 0x0000000800000000)
  region size 2048K, 41 young (83968K), 3 survivors (6144K)
 Metaspace       used 152566K, committed 154240K, reserved 1187840K
  class space    used 20753K, committed 21504K, reserved 1048576K
}
Event: 5131.691 GC heap after
{Heap after GC invocations=85 (full 1):
 garbage-first heap   total 342016K, used 190184K [0x0000000700000000, 0x0000000800000000)
  region size 2048K, 6 young (12288K), 6 survivors (12288K)
 Metaspace       used 152566K, committed 154240K, reserved 1187840K
  class space    used 20753K, committed 21504K, reserved 1048576K
}
Event: 5132.257 GC heap before
{Heap before GC invocations=85 (full 1):
 garbage-first heap   total 342016K, used 265960K [0x0000000700000000, 0x0000000800000000)
  region size 2048K, 43 young (88064K), 6 survivors (12288K)
 Metaspace       used 152995K, committed 154752K, reserved 1187840K
  class space    used 20782K, committed 21632K, reserved 1048576K
}
Event: 5132.369 GC heap after
{Heap after GC invocations=86 (full 1):
 garbage-first heap   total 342016K, used 205794K [0x0000000700000000, 0x0000000800000000)
  region size 2048K, 6 young (12288K), 6 survivors (12288K)
 Metaspace       used 152995K, committed 154752K, reserved 1187840K
  class space    used 20782K, committed 21632K, reserved 1048576K
}
Event: 5132.709 GC heap before
{Heap before GC invocations=86 (full 1):
 garbage-first heap   total 342016K, used 216034K [0x0000000700000000, 0x0000000800000000)
  region size 2048K, 11 young (22528K), 6 survivors (12288K)
 Metaspace       used 153799K, committed 155584K, reserved 1187840K
  class space    used 20895K, committed 21760K, reserved 1048576K
}
Event: 5132.731 GC heap after
{Heap after GC invocations=87 (full 1):
 garbage-first heap   total 342016K, used 209002K [0x0000000700000000, 0x0000000800000000)
  region size 2048K, 1 young (2048K), 1 survivors (2048K)
 Metaspace       used 153799K, committed 155584K, reserved 1187840K
  class space    used 20895K, committed 21760K, reserved 1048576K
}
Event: 5133.580 GC heap before
{Heap before GC invocations=87 (full 1):
 garbage-first heap   total 342016K, used 280682K [0x0000000700000000, 0x0000000800000000)
  region size 2048K, 33 young (67584K), 1 survivors (2048K)
 Metaspace       used 161075K, committed 162880K, reserved 1196032K
  class space    used 21639K, committed 22528K, reserved 1048576K
}
Event: 5133.587 GC heap after
{Heap after GC invocations=88 (full 1):
 garbage-first heap   total 342016K, used 219982K [0x0000000700000000, 0x0000000800000000)
  region size 2048K, 4 young (8192K), 4 survivors (8192K)
 Metaspace       used 161075K, committed 162880K, reserved 1196032K
  class space    used 21639K, committed 22528K, reserved 1048576K
}
Event: 5134.358 GC heap before
{Heap before GC invocations=88 (full 1):
 garbage-first heap   total 342016K, used 277326K [0x0000000700000000, 0x0000000800000000)
  region size 2048K, 32 young (65536K), 4 survivors (8192K)
 Metaspace       used 168732K, committed 170560K, reserved 1204224K
  class space    used 22500K, committed 23360K, reserved 1048576K
}
Event: 5134.584 GC heap after
{Heap after GC invocations=89 (full 1):
 garbage-first heap   total 342016K, used 224481K [0x0000000700000000, 0x0000000800000000)
  region size 2048K, 3 young (6144K), 3 survivors (6144K)
 Metaspace       used 168732K, committed 170560K, reserved 1204224K
  class space    used 22500K, committed 23360K, reserved 1048576K
}
Event: 5135.360 GC heap before
{Heap before GC invocations=89 (full 1):
 garbage-first heap   total 342016K, used 281825K [0x0000000700000000, 0x0000000800000000)
  region size 2048K, 31 young (63488K), 3 survivors (6144K)
 Metaspace       used 172305K, committed 174144K, reserved 1204224K
  class space    used 22958K, committed 23808K, reserved 1048576K
}
Event: 5135.367 GC heap after
{Heap after GC invocations=90 (full 1):
 garbage-first heap   total 342016K, used 227069K [0x0000000700000000, 0x0000000800000000)
  region size 2048K, 4 young (8192K), 4 survivors (8192K)
 Metaspace       used 172305K, committed 174144K, reserved 1204224K
  class space    used 22958K, committed 23808K, reserved 1048576K
}
Event: 5135.938 GC heap before
{Heap before GC invocations=90 (full 1):
 garbage-first heap   total 342016K, used 284413K [0x0000000700000000, 0x0000000800000000)
  region size 2048K, 32 young (65536K), 4 survivors (8192K)
 Metaspace       used 174054K, committed 175872K, reserved 1204224K
  class space    used 23125K, committed 24000K, reserved 1048576K
}
Event: 5135.952 GC heap after
{Heap after GC invocations=91 (full 1):
 garbage-first heap   total 342016K, used 231936K [0x0000000700000000, 0x0000000800000000)
  region size 2048K, 4 young (8192K), 4 survivors (8192K)
 Metaspace       used 174054K, committed 175872K, reserved 1204224K
  class space    used 23125K, committed 24000K, reserved 1048576K
}
Event: 5137.364 GC heap before
{Heap before GC invocations=91 (full 1):
 garbage-first heap   total 342016K, used 285184K [0x0000000700000000, 0x0000000800000000)
  region size 2048K, 30 young (61440K), 4 survivors (8192K)
 Metaspace       used 179657K, committed 181440K, reserved 1212416K
  class space    used 23666K, committed 24512K, reserved 1048576K
}
Event: 5137.387 GC heap after
{Heap after GC invocations=92 (full 1):
 garbage-first heap   total 342016K, used 237189K [0x0000000700000000, 0x0000000800000000)
  region size 2048K, 3 young (6144K), 3 survivors (6144K)
 Metaspace       used 179657K, committed 181440K, reserved 1212416K
  class space    used 23666K, committed 24512K, reserved 1048576K
}
Event: 5137.861 GC heap before
{Heap before GC invocations=92 (full 1):
 garbage-first heap   total 342016K, used 284293K [0x0000000700000000, 0x0000000800000000)
  region size 2048K, 27 young (55296K), 3 survivors (6144K)
 Metaspace       used 185179K, committed 187008K, reserved 1212416K
  class space    used 24348K, committed 25216K, reserved 1048576K
}
Event: 5137.880 GC heap after
{Heap after GC invocations=93 (full 1):
 garbage-first heap   total 632832K, used 240960K [0x0000000700000000, 0x0000000800000000)
  region size 2048K, 2 young (4096K), 2 survivors (4096K)
 Metaspace       used 185179K, committed 187008K, reserved 1212416K
  class space    used 24348K, committed 25216K, reserved 1048576K
}

