# JRE version: OpenJDK Runtime Environment (17.0.6) (build 17.0.6+0-b2043.56-10027231)
# Java VM: OpenJDK 64-Bit Server VM (17.0.6+0-b2043.56-10027231, mixed mode, tiered, compressed oops, compressed class ptrs, g1 gc, windows-amd64)
GC Precious Log:
 CPUs: 4 total, 4 available
 Memory: 7975M
 Large Page Support: Disabled
 NUMA Support: Disabled
 Compressed Oops: Enabled (32-bit)
 Heap Region Size: 1M
 Heap Min Capacity: 8M
 Heap Initial Capacity: 126M
 Heap Max Capacity: 2G
 Pre-touch: Disabled
 Parallel Workers: 4
 Concurrent Workers: 1
 Concurrent Refinement Workers: 4
 Periodic GC: Disabled
Heap:
 garbage-first heap   total 138240K, used 77902K [0x0000000080000000, 0x0000000100000000)
  region size 1024K, 3 young (3072K), 3 survivors (3072K)
 Metaspace       used 109915K, committed 110464K, reserved 1146880K
  class space    used 14257K, committed 14528K, reserved 1048576K
GC Heap History (20 events):
Event: 14.649 GC heap after
{Heap after GC invocations=30 (full 0):
 garbage-first heap   total 138240K, used 59901K [0x0000000080000000, 0x0000000100000000)
  region size 1024K, 1 young (1024K), 1 survivors (1024K)
 Metaspace       used 69560K, committed 70016K, reserved 1114112K
  class space    used 9410K, committed 9600K, reserved 1048576K
}
Event: 15.380 GC heap before
{Heap before GC invocations=30 (full 0):
 garbage-first heap   total 138240K, used 102909K [0x0000000080000000, 0x0000000100000000)
  region size 1024K, 43 young (44032K), 1 survivors (1024K)
 Metaspace       used 75859K, committed 76288K, reserved 1122304K
  class space    used 9998K, committed 10176K, reserved 1048576K
}
Event: 15.385 GC heap after
{Heap after GC invocations=31 (full 0):
 garbage-first heap   total 138240K, used 62445K [0x0000000080000000, 0x0000000100000000)
  region size 1024K, 3 young (3072K), 3 survivors (3072K)
 Metaspace       used 75859K, committed 76288K, reserved 1122304K
  class space    used 9998K, committed 10176K, reserved 1048576K
}
Event: 16.144 GC heap before
{Heap before GC invocations=31 (full 0):
 garbage-first heap   total 138240K, used 106477K [0x0000000080000000, 0x0000000100000000)
  region size 1024K, 46 young (47104K), 3 survivors (3072K)
 Metaspace       used 82134K, committed 82624K, reserved 1122304K
  class space    used 10805K, committed 11008K, reserved 1048576K
}
Event: 16.152 GC heap after
{Heap after GC invocations=32 (full 0):
 garbage-first heap   total 138240K, used 65180K [0x0000000080000000, 0x0000000100000000)
  region size 1024K, 6 young (6144K), 6 survivors (6144K)
 Metaspace       used 82134K, committed 82624K, reserved 1122304K
  class space    used 10805K, committed 11008K, reserved 1048576K
}
Event: 16.954 GC heap before
{Heap before GC invocations=32 (full 0):
 garbage-first heap   total 138240K, used 109212K [0x0000000080000000, 0x0000000100000000)
  region size 1024K, 48 young (49152K), 6 survivors (6144K)
 Metaspace       used 83789K, committed 84288K, reserved 1122304K
  class space    used 10989K, committed 11200K, reserved 1048576K
}
Event: 16.961 GC heap after
{Heap after GC invocations=33 (full 0):
 garbage-first heap   total 138240K, used 67558K [0x0000000080000000, 0x0000000100000000)
  region size 1024K, 5 young (5120K), 5 survivors (5120K)
 Metaspace       used 83789K, committed 84288K, reserved 1122304K
  class space    used 10989K, committed 11200K, reserved 1048576K
}
Event: 17.461 GC heap before
{Heap before GC invocations=33 (full 0):
 garbage-first heap   total 138240K, used 110566K [0x0000000080000000, 0x0000000100000000)
  region size 1024K, 47 young (48128K), 5 survivors (5120K)
 Metaspace       used 86438K, committed 86976K, reserved 1130496K
  class space    used 11289K, committed 11520K, reserved 1048576K
}
Event: 17.469 GC heap after
{Heap after GC invocations=34 (full 0):
 garbage-first heap   total 138240K, used 71262K [0x0000000080000000, 0x0000000100000000)
  region size 1024K, 6 young (6144K), 6 survivors (6144K)
 Metaspace       used 86438K, committed 86976K, reserved 1130496K
  class space    used 11289K, committed 11520K, reserved 1048576K
}
Event: 17.967 GC heap before
{Heap before GC invocations=35 (full 0):
 garbage-first heap   total 138240K, used 110174K [0x0000000080000000, 0x0000000100000000)
  region size 1024K, 45 young (46080K), 6 survivors (6144K)
 Metaspace       used 91594K, committed 92096K, reserved 1130496K
  class space    used 11835K, committed 12032K, reserved 1048576K
}
Event: 17.977 GC heap after
{Heap after GC invocations=36 (full 0):
 garbage-first heap   total 138240K, used 74123K [0x0000000080000000, 0x0000000100000000)
  region size 1024K, 3 young (3072K), 3 survivors (3072K)
 Metaspace       used 91594K, committed 92096K, reserved 1130496K
  class space    used 11835K, committed 12032K, reserved 1048576K
}
Event: 18.010 GC heap before
{Heap before GC invocations=36 (full 0):
 garbage-first heap   total 138240K, used 76171K [0x0000000080000000, 0x0000000100000000)
  region size 1024K, 6 young (6144K), 3 survivors (3072K)
 Metaspace       used 91987K, committed 92480K, reserved 1130496K
  class space    used 11897K, committed 12096K, reserved 1048576K
}
Event: 18.016 GC heap after
{Heap after GC invocations=37 (full 0):
 garbage-first heap   total 138240K, used 74214K [0x0000000080000000, 0x0000000100000000)
  region size 1024K, 1 young (1024K), 1 survivors (1024K)
 Metaspace       used 91987K, committed 92480K, reserved 1130496K
  class space    used 11897K, committed 12096K, reserved 1048576K
}
Event: 18.550 GC heap before
{Heap before GC invocations=37 (full 0):
 garbage-first heap   total 138240K, used 112102K [0x0000000080000000, 0x0000000100000000)
  region size 1024K, 38 young (38912K), 1 survivors (1024K)
 Metaspace       used 97804K, committed 98304K, reserved 1138688K
  class space    used 12613K, committed 12800K, reserved 1048576K
}
Event: 18.553 GC heap after
{Heap after GC invocations=38 (full 0):
 garbage-first heap   total 138240K, used 75441K [0x0000000080000000, 0x0000000100000000)
  region size 1024K, 2 young (2048K), 2 survivors (2048K)
 Metaspace       used 97804K, committed 98304K, reserved 1138688K
  class space    used 12613K, committed 12800K, reserved 1048576K
}
Event: 19.147 GC heap before
{Heap before GC invocations=39 (full 0):
 garbage-first heap   total 138240K, used 114353K [0x0000000080000000, 0x0000000100000000)
  region size 1024K, 40 young (40960K), 2 survivors (2048K)
 Metaspace       used 104256K, committed 104768K, reserved 1146880K
  class space    used 13359K, committed 13568K, reserved 1048576K
}
Event: 19.151 GC heap after
{Heap after GC invocations=40 (full 0):
 garbage-first heap   total 138240K, used 76340K [0x0000000080000000, 0x0000000100000000)
  region size 1024K, 3 young (3072K), 3 survivors (3072K)
 Metaspace       used 104256K, committed 104768K, reserved 1146880K
  class space    used 13359K, committed 13568K, reserved 1048576K
}
Event: 19.212 GC heap before
{Heap before GC invocations=40 (full 0):
 garbage-first heap   total 138240K, used 79412K [0x0000000080000000, 0x0000000100000000)
  region size 1024K, 6 young (6144K), 3 survivors (3072K)
 Metaspace       used 104579K, committed 105024K, reserved 1146880K
  class space    used 13412K, committed 13632K, reserved 1048576K
}
Event: 19.220 GC heap after
{Heap after GC invocations=41 (full 0):
 garbage-first heap   total 138240K, used 76179K [0x0000000080000000, 0x0000000100000000)
  region size 1024K, 1 young (1024K), 1 survivors (1024K)
 Metaspace       used 104579K, committed 105024K, reserved 1146880K
  class space    used 13412K, committed 13632K, reserved 1048576K
}
Event: 20.240 GC heap before
{Heap before GC invocations=41 (full 0):
 garbage-first heap   total 138240K, used 114067K [0x0000000080000000, 0x0000000100000000)
  region size 1024K, 39 young (39936K), 1 survivors (1024K)
 Metaspace       used 109915K, committed 110464K, reserved 1146880K
  class space    used 14257K, committed 14528K, reserved 1048576K
}

