# JRE version: OpenJDK Runtime Environment (17.0.6) (build 17.0.6+0-b2043.56-10027231)
# Java VM: OpenJDK 64-Bit Server VM (17.0.6+0-b2043.56-10027231, mixed mode, tiered, compressed oops, compressed class ptrs, g1 gc, windows-amd64)
GC Precious Log:
 CPUs: 4 total, 4 available
 Memory: 7975M
 Large Page Support: Disabled
 NUMA Support: Disabled
 Compressed Oops: Enabled (Zero based)
 Heap Region Size: 2M
 Heap Min Capacity: 8M
 Heap Initial Capacity: 126M
 Heap Max Capacity: 4G
 Pre-touch: Disabled
 Parallel Workers: 4
 Concurrent Workers: 1
 Concurrent Refinement Workers: 4
 Periodic GC: Disabled
Heap:
 garbage-first heap   total 397312K, used 262399K [0x0000000700000000, 0x0000000800000000)
  region size 2048K, 48 young (98304K), 10 survivors (20480K)
 Metaspace       used 103658K, committed 104448K, reserved 1146880K
  class space    used 14103K, committed 14464K, reserved 1048576K
GC Heap History (20 events):
Event: 40.611 GC heap before
{Heap before GC invocations=34 (full 0):
 garbage-first heap   total 239616K, used 184567K [0x0000000700000000, 0x0000000800000000)
  region size 2048K, 43 young (88064K), 6 survivors (12288K)
 Metaspace       used 86053K, committed 86720K, reserved 1130496K
  class space    used 11784K, committed 12096K, reserved 1048576K
}
Event: 40.635 GC heap after
{Heap after GC invocations=35 (full 0):
 garbage-first heap   total 239616K, used 114200K [0x0000000700000000, 0x0000000800000000)
  region size 2048K, 4 young (8192K), 4 survivors (8192K)
 Metaspace       used 86053K, committed 86720K, reserved 1130496K
  class space    used 11784K, committed 12096K, reserved 1048576K
}
Event: 41.010 GC heap before
{Heap before GC invocations=35 (full 0):
 garbage-first heap   total 239616K, used 126488K [0x0000000700000000, 0x0000000800000000)
  region size 2048K, 11 young (22528K), 4 survivors (8192K)
 Metaspace       used 87733K, committed 88448K, reserved 1130496K
  class space    used 12010K, committed 12352K, reserved 1048576K
}
Event: 41.021 GC heap after
{Heap after GC invocations=36 (full 0):
 garbage-first heap   total 239616K, used 116363K [0x0000000700000000, 0x0000000800000000)
  region size 2048K, 1 young (2048K), 1 survivors (2048K)
 Metaspace       used 87733K, committed 88448K, reserved 1130496K
  class space    used 12010K, committed 12352K, reserved 1048576K
}
Event: 43.318 GC heap before
{Heap before GC invocations=37 (full 0):
 garbage-first heap   total 243712K, used 202379K [0x0000000700000000, 0x0000000800000000)
  region size 2048K, 33 young (67584K), 1 survivors (2048K)
 Metaspace       used 92290K, committed 93056K, reserved 1130496K
  class space    used 12689K, committed 13056K, reserved 1048576K
}
Event: 43.330 GC heap after
{Heap after GC invocations=38 (full 0):
 garbage-first heap   total 243712K, used 148659K [0x0000000700000000, 0x0000000800000000)
  region size 2048K, 5 young (10240K), 5 survivors (10240K)
 Metaspace       used 92290K, committed 93056K, reserved 1130496K
  class space    used 12689K, committed 13056K, reserved 1048576K
}
Event: 44.036 GC heap before
{Heap before GC invocations=39 (full 0):
 garbage-first heap   total 276480K, used 203955K [0x0000000700000000, 0x0000000800000000)
  region size 2048K, 30 young (61440K), 5 survivors (10240K)
 Metaspace       used 92300K, committed 93056K, reserved 1130496K
  class space    used 12689K, committed 13056K, reserved 1048576K
}
Event: 44.072 GC heap after
{Heap after GC invocations=40 (full 0):
 garbage-first heap   total 276480K, used 166992K [0x0000000700000000, 0x0000000800000000)
  region size 2048K, 4 young (8192K), 4 survivors (8192K)
 Metaspace       used 92300K, committed 93056K, reserved 1130496K
  class space    used 12689K, committed 13056K, reserved 1048576K
}
Event: 47.150 GC heap before
{Heap before GC invocations=40 (full 0):
 garbage-first heap   total 276480K, used 218192K [0x0000000700000000, 0x0000000800000000)
  region size 2048K, 29 young (59392K), 4 survivors (8192K)
 Metaspace       used 92323K, committed 93120K, reserved 1130496K
  class space    used 12691K, committed 13056K, reserved 1048576K
}
Event: 47.164 GC heap after
{Heap after GC invocations=41 (full 0):
 garbage-first heap   total 276480K, used 171351K [0x0000000700000000, 0x0000000800000000)
  region size 2048K, 3 young (6144K), 3 survivors (6144K)
 Metaspace       used 92323K, committed 93120K, reserved 1130496K
  class space    used 12691K, committed 13056K, reserved 1048576K
}
Event: 47.651 GC heap before
{Heap before GC invocations=42 (full 0):
 garbage-first heap   total 317440K, used 220503K [0x0000000700000000, 0x0000000800000000)
  region size 2048K, 27 young (55296K), 3 survivors (6144K)
 Metaspace       used 92323K, committed 93120K, reserved 1130496K
  class space    used 12691K, committed 13056K, reserved 1048576K
}
Event: 47.659 GC heap after
{Heap after GC invocations=43 (full 0):
 garbage-first heap   total 317440K, used 171768K [0x0000000700000000, 0x0000000800000000)
  region size 2048K, 3 young (6144K), 3 survivors (6144K)
 Metaspace       used 92323K, committed 93120K, reserved 1130496K
  class space    used 12691K, committed 13056K, reserved 1048576K
}
Event: 47.723 GC heap before
{Heap before GC invocations=43 (full 0):
 garbage-first heap   total 317440K, used 179960K [0x0000000700000000, 0x0000000800000000)
  region size 2048K, 7 young (14336K), 3 survivors (6144K)
 Metaspace       used 92323K, committed 93120K, reserved 1130496K
  class space    used 12691K, committed 13056K, reserved 1048576K
}
Event: 47.734 GC heap after
{Heap after GC invocations=44 (full 0):
 garbage-first heap   total 397312K, used 170644K [0x0000000700000000, 0x0000000800000000)
  region size 2048K, 1 young (2048K), 1 survivors (2048K)
 Metaspace       used 92323K, committed 93120K, reserved 1130496K
  class space    used 12691K, committed 13056K, reserved 1048576K
}
Event: 52.219 GC heap before
{Heap before GC invocations=44 (full 0):
 garbage-first heap   total 397312K, used 287380K [0x0000000700000000, 0x0000000800000000)
  region size 2048K, 58 young (118784K), 1 survivors (2048K)
 Metaspace       used 92327K, committed 93120K, reserved 1130496K
  class space    used 12691K, committed 13056K, reserved 1048576K
}
Event: 52.228 GC heap after
{Heap after GC invocations=45 (full 0):
 garbage-first heap   total 397312K, used 174652K [0x0000000700000000, 0x0000000800000000)
  region size 2048K, 3 young (6144K), 3 survivors (6144K)
 Metaspace       used 92327K, committed 93120K, reserved 1130496K
  class space    used 12691K, committed 13056K, reserved 1048576K
}
Event: 55.009 GC heap before
{Heap before GC invocations=45 (full 0):
 garbage-first heap   total 397312K, used 313916K [0x0000000700000000, 0x0000000800000000)
  region size 2048K, 71 young (145408K), 3 survivors (6144K)
 Metaspace       used 92327K, committed 93120K, reserved 1130496K
  class space    used 12691K, committed 13056K, reserved 1048576K
}
Event: 55.022 GC heap after
{Heap after GC invocations=46 (full 0):
 garbage-first heap   total 397312K, used 178327K [0x0000000700000000, 0x0000000800000000)
  region size 2048K, 5 young (10240K), 5 survivors (10240K)
 Metaspace       used 92327K, committed 93120K, reserved 1130496K
  class space    used 12691K, committed 13056K, reserved 1048576K
}
Event: 58.048 GC heap before
{Heap before GC invocations=46 (full 0):
 garbage-first heap   total 397312K, used 333975K [0x0000000700000000, 0x0000000800000000)
  region size 2048K, 74 young (151552K), 5 survivors (10240K)
 Metaspace       used 92527K, committed 93248K, reserved 1130496K
  class space    used 12722K, committed 13056K, reserved 1048576K
}
Event: 58.069 GC heap after
{Heap after GC invocations=47 (full 0):
 garbage-first heap   total 397312K, used 188671K [0x0000000700000000, 0x0000000800000000)
  region size 2048K, 10 young (20480K), 10 survivors (20480K)
 Metaspace       used 92527K, committed 93248K, reserved 1130496K
  class space    used 12722K, committed 13056K, reserved 1048576K
}

