# JRE version: OpenJDK Runtime Environment (17.0.6) (build 17.0.6+0-b2043.56-10027231)
# Java VM: OpenJDK 64-Bit Server VM (17.0.6+0-b2043.56-10027231, mixed mode, tiered, compressed oops, compressed class ptrs, g1 gc, windows-amd64)
GC Precious Log:
 CPUs: 4 total, 4 available
 Memory: 7975M
 Large Page Support: Disabled
 NUMA Support: Disabled
 Compressed Oops: Enabled (32-bit)
 Heap Region Size: 1M
 Heap Min Capacity: 8M
 Heap Initial Capacity: 126M
 Heap Max Capacity: 1994M
 Pre-touch: Disabled
 Parallel Workers: 4
 Concurrent Workers: 1
 Concurrent Refinement Workers: 4
 Periodic GC: Disabled
Heap:
 garbage-first heap   total 157696K, used 88518K [0x0000000083600000, 0x0000000100000000)
  region size 1024K, 1 young (1024K), 1 survivors (1024K)
 Metaspace       used 82211K, committed 82496K, reserved 1122304K
  class space    used 9042K, committed 9216K, reserved 1048576K
GC Heap History (20 events):
Event: 6.192 GC heap after
{Heap after GC invocations=21 (full 0):
 garbage-first heap   total 156672K, used 51598K [0x0000000083600000, 0x0000000100000000)
  region size 1024K, 1 young (1024K), 1 survivors (1024K)
 Metaspace       used 56421K, committed 56704K, reserved 1105920K
  class space    used 6645K, committed 6784K, reserved 1048576K
}
Event: 6.674 GC heap before
{Heap before GC invocations=21 (full 0):
 garbage-first heap   total 156672K, used 116110K [0x0000000083600000, 0x0000000100000000)
  region size 1024K, 64 young (65536K), 1 survivors (1024K)
 Metaspace       used 58837K, committed 59072K, reserved 1105920K
  class space    used 6961K, committed 7104K, reserved 1048576K
}
Event: 6.678 GC heap after
{Heap after GC invocations=22 (full 0):
 garbage-first heap   total 156672K, used 53159K [0x0000000083600000, 0x0000000100000000)
  region size 1024K, 3 young (3072K), 3 survivors (3072K)
 Metaspace       used 58837K, committed 59072K, reserved 1105920K
  class space    used 6961K, committed 7104K, reserved 1048576K
}
Event: 9.969 GC heap before
{Heap before GC invocations=22 (full 0):
 garbage-first heap   total 156672K, used 123815K [0x0000000083600000, 0x0000000100000000)
  region size 1024K, 71 young (72704K), 3 survivors (3072K)
 Metaspace       used 63714K, committed 64000K, reserved 1105920K
  class space    used 7246K, committed 7360K, reserved 1048576K
}
Event: 9.984 GC heap after
{Heap after GC invocations=23 (full 0):
 garbage-first heap   total 156672K, used 61218K [0x0000000083600000, 0x0000000100000000)
  region size 1024K, 9 young (9216K), 9 survivors (9216K)
 Metaspace       used 63714K, committed 64000K, reserved 1105920K
  class space    used 7246K, committed 7360K, reserved 1048576K
}
Event: 11.842 GC heap before
{Heap before GC invocations=23 (full 0):
 garbage-first heap   total 156672K, used 124706K [0x0000000083600000, 0x0000000100000000)
  region size 1024K, 69 young (70656K), 9 survivors (9216K)
 Metaspace       used 64887K, committed 65216K, reserved 1114112K
  class space    used 7343K, committed 7488K, reserved 1048576K
}
Event: 11.859 GC heap after
{Heap after GC invocations=24 (full 0):
 garbage-first heap   total 156672K, used 70882K [0x0000000083600000, 0x0000000100000000)
  region size 1024K, 8 young (8192K), 8 survivors (8192K)
 Metaspace       used 64887K, committed 65216K, reserved 1114112K
  class space    used 7343K, committed 7488K, reserved 1048576K
}
Event: 13.311 GC heap before
{Heap before GC invocations=24 (full 0):
 garbage-first heap   total 156672K, used 123106K [0x0000000083600000, 0x0000000100000000)
  region size 1024K, 59 young (60416K), 8 survivors (8192K)
 Metaspace       used 67565K, committed 67840K, reserved 1114112K
  class space    used 7601K, committed 7744K, reserved 1048576K
}
Event: 13.322 GC heap after
{Heap after GC invocations=25 (full 0):
 garbage-first heap   total 156672K, used 75065K [0x0000000083600000, 0x0000000100000000)
  region size 1024K, 4 young (4096K), 4 survivors (4096K)
 Metaspace       used 67565K, committed 67840K, reserved 1114112K
  class space    used 7601K, committed 7744K, reserved 1048576K
}
Event: 14.263 GC heap before
{Heap before GC invocations=25 (full 0):
 garbage-first heap   total 156672K, used 125241K [0x0000000083600000, 0x0000000100000000)
  region size 1024K, 53 young (54272K), 4 survivors (4096K)
 Metaspace       used 71975K, committed 72320K, reserved 1114112K
  class space    used 8011K, committed 8192K, reserved 1048576K
}
Event: 14.276 GC heap after
{Heap after GC invocations=26 (full 0):
 garbage-first heap   total 156672K, used 80828K [0x0000000083600000, 0x0000000100000000)
  region size 1024K, 7 young (7168K), 7 survivors (7168K)
 Metaspace       used 71975K, committed 72320K, reserved 1114112K
  class space    used 8011K, committed 8192K, reserved 1048576K
}
Event: 15.103 GC heap before
{Heap before GC invocations=27 (full 0):
 garbage-first heap   total 156672K, used 125884K [0x0000000083600000, 0x0000000100000000)
  region size 1024K, 51 young (52224K), 7 survivors (7168K)
 Metaspace       used 75367K, committed 75712K, reserved 1122304K
  class space    used 8379K, committed 8576K, reserved 1048576K
}
Event: 15.123 GC heap after
{Heap after GC invocations=28 (full 0):
 garbage-first heap   total 156672K, used 87853K [0x0000000083600000, 0x0000000100000000)
  region size 1024K, 7 young (7168K), 7 survivors (7168K)
 Metaspace       used 75367K, committed 75712K, reserved 1122304K
  class space    used 8379K, committed 8576K, reserved 1048576K
}
Event: 15.141 GC heap before
{Heap before GC invocations=28 (full 0):
 garbage-first heap   total 156672K, used 88877K [0x0000000083600000, 0x0000000100000000)
  region size 1024K, 8 young (8192K), 7 survivors (7168K)
 Metaspace       used 75463K, committed 75776K, reserved 1122304K
  class space    used 8388K, committed 8576K, reserved 1048576K
}
Event: 15.151 GC heap after
{Heap after GC invocations=29 (full 0):
 garbage-first heap   total 156672K, used 87796K [0x0000000083600000, 0x0000000100000000)
  region size 1024K, 1 young (1024K), 1 survivors (1024K)
 Metaspace       used 75463K, committed 75776K, reserved 1122304K
  class space    used 8388K, committed 8576K, reserved 1048576K
}
Event: 15.658 GC heap before
{Heap before GC invocations=29 (full 0):
 garbage-first heap   total 156672K, used 126708K [0x0000000083600000, 0x0000000100000000)
  region size 1024K, 39 young (39936K), 1 survivors (1024K)
 Metaspace       used 80434K, committed 80768K, reserved 1122304K
  class space    used 8896K, committed 9088K, reserved 1048576K
}
Event: 15.666 GC heap after
{Heap after GC invocations=30 (full 0):
 garbage-first heap   total 156672K, used 92092K [0x0000000083600000, 0x0000000100000000)
  region size 1024K, 5 young (5120K), 5 survivors (5120K)
 Metaspace       used 80434K, committed 80768K, reserved 1122304K
  class space    used 8896K, committed 9088K, reserved 1048576K
}
Event: 16.227 GC heap before
{Heap before GC invocations=31 (full 0):
 garbage-first heap   total 157696K, used 124860K [0x0000000083600000, 0x0000000100000000)
  region size 1024K, 39 young (39936K), 5 survivors (5120K)
 Metaspace       used 81937K, committed 82240K, reserved 1122304K
  class space    used 9022K, committed 9216K, reserved 1048576K
}
Event: 16.235 GC heap after
{Heap after GC invocations=32 (full 0):
 garbage-first heap   total 157696K, used 90967K [0x0000000083600000, 0x0000000100000000)
  region size 1024K, 1 young (1024K), 1 survivors (1024K)
 Metaspace       used 81937K, committed 82240K, reserved 1122304K
  class space    used 9022K, committed 9216K, reserved 1048576K
}
Event: 16.313 GC heap before
{Heap before GC invocations=32 (full 0):
 garbage-first heap   total 157696K, used 97111K [0x0000000083600000, 0x0000000100000000)
  region size 1024K, 7 young (7168K), 1 survivors (1024K)
 Metaspace       used 82211K, committed 82496K, reserved 1122304K
  class space    used 9042K, committed 9216K, reserved 1048576K
}

